Determining if the pthread_create exist failed with the following output:
Change Dir: /home/robot/bebop_ws/build/image_transport_tutorial/CMakeFiles/CMakeTmp

Run Build Command:/usr/bin/make "cmTryCompileExec2374542880/fast"
/usr/bin/make -f CMakeFiles/cmTryCompileExec2374542880.dir/build.make CMakeFiles/cmTryCompileExec2374542880.dir/build
make[1]: Entering directory `/home/robot/bebop_ws/build/image_transport_tutorial/CMakeFiles/CMakeTmp'
/usr/bin/cmake -E cmake_progress_report /home/robot/bebop_ws/build/image_transport_tutorial/CMakeFiles/CMakeTmp/CMakeFiles 1
Building C object CMakeFiles/cmTryCompileExec2374542880.dir/CheckSymbolExists.c.o
/usr/bin/cc    -o CMakeFiles/cmTryCompileExec2374542880.dir/CheckSymbolExists.c.o   -c /home/robot/bebop_ws/build/image_transport_tutorial/CMakeFiles/CMakeTmp/CheckSymbolExists.c
Linking C executable cmTryCompileExec2374542880
/usr/bin/cmake -E cmake_link_script CMakeFiles/cmTryCompileExec2374542880.dir/link.txt --verbose=1
/usr/bin/cc       CMakeFiles/cmTryCompileExec2374542880.dir/CheckSymbolExists.c.o  -o cmTryCompileExec2374542880 -rdynamic 
CMakeFiles/cmTryCompileExec2374542880.dir/CheckSymbolExists.c.o: In function `main':
CheckSymbolExists.c:(.text+0x16): undefined reference to `pthread_create'
collect2: error: ld returned 1 exit status
make[1]: Leaving directory `/home/robot/bebop_ws/build/image_transport_tutorial/CMakeFiles/CMakeTmp'
make[1]: *** [cmTryCompileExec2374542880] Error 1
make: *** [cmTryCompileExec2374542880/fast] Error 2

File /home/robot/bebop_ws/build/image_transport_tutorial/CMakeFiles/CMakeTmp/CheckSymbolExists.c:
/* */
#include <pthread.h>

int main(int argc, char** argv)
{
  (void)argv;
#ifndef pthread_create
  return ((int*)(&pthread_create))[argc];
#else
  (void)argc;
  return 0;
#endif
}

Determining if the function pthread_create exists in the pthreads failed with the following output:
Change Dir: /home/robot/bebop_ws/build/image_transport_tutorial/CMakeFiles/CMakeTmp

Run Build Command:/usr/bin/make "cmTryCompileExec627481921/fast"
/usr/bin/make -f CMakeFiles/cmTryCompileExec627481921.dir/build.make CMakeFiles/cmTryCompileExec627481921.dir/build
make[1]: Entering directory `/home/robot/bebop_ws/build/image_transport_tutorial/CMakeFiles/CMakeTmp'
/usr/bin/cmake -E cmake_progress_report /home/robot/bebop_ws/build/image_transport_tutorial/CMakeFiles/CMakeTmp/CMakeFiles 1
Building C object CMakeFiles/cmTryCompileExec627481921.dir/CheckFunctionExists.c.o
/usr/bin/cc   -DCHECK_FUNCTION_EXISTS=pthread_create   -o CMakeFiles/cmTryCompileExec627481921.dir/CheckFunctionExists.c.o   -c /usr/share/cmake-2.8/Modules/CheckFunctionExists.c
Linking C executable cmTryCompileExec627481921
/usr/bin/cmake -E cmake_link_script CMakeFiles/cmTryCompileExec627481921.dir/link.txt --verbose=1
/usr/bin/cc   -DCHECK_FUNCTION_EXISTS=pthread_create    CMakeFiles/cmTryCompileExec627481921.dir/CheckFunctionExists.c.o  -o cmTryCompileExec627481921 -rdynamic -lpthreads 
/usr/bin/ld: cannot find -lpthreads
collect2: error: ld returned 1 exit status
make[1]: *** [cmTryCompileExec627481921] Error 1
make[1]: Leaving directory `/home/robot/bebop_ws/build/image_transport_tutorial/CMakeFiles/CMakeTmp'
make: *** [cmTryCompileExec627481921/fast] Error 2


