Determining if the pthread_create exist failed with the following output:
Change Dir: /home/robot/bebop_ws/build/robot_setup_tf_tutorial/CMakeFiles/CMakeTmp

Run Build Command:/usr/bin/make "cmTryCompileExec2865288134/fast"
/usr/bin/make -f CMakeFiles/cmTryCompileExec2865288134.dir/build.make CMakeFiles/cmTryCompileExec2865288134.dir/build
make[1]: Entering directory `/home/robot/bebop_ws/build/robot_setup_tf_tutorial/CMakeFiles/CMakeTmp'
/usr/bin/cmake -E cmake_progress_report /home/robot/bebop_ws/build/robot_setup_tf_tutorial/CMakeFiles/CMakeTmp/CMakeFiles 1
Building C object CMakeFiles/cmTryCompileExec2865288134.dir/CheckSymbolExists.c.o
/usr/bin/cc    -o CMakeFiles/cmTryCompileExec2865288134.dir/CheckSymbolExists.c.o   -c /home/robot/bebop_ws/build/robot_setup_tf_tutorial/CMakeFiles/CMakeTmp/CheckSymbolExists.c
Linking C executable cmTryCompileExec2865288134
/usr/bin/cmake -E cmake_link_script CMakeFiles/cmTryCompileExec2865288134.dir/link.txt --verbose=1
/usr/bin/cc       CMakeFiles/cmTryCompileExec2865288134.dir/CheckSymbolExists.c.o  -o cmTryCompileExec2865288134 -rdynamic 
CMakeFiles/cmTryCompileExec2865288134.dir/CheckSymbolExists.c.o: In function `main':
CheckSymbolExists.c:(.text+0x16): undefined reference to `pthread_create'
collect2: error: ld returned 1 exit status
make[1]: *** [cmTryCompileExec2865288134] Error 1
make[1]: Leaving directory `/home/robot/bebop_ws/build/robot_setup_tf_tutorial/CMakeFiles/CMakeTmp'
make: *** [cmTryCompileExec2865288134/fast] Error 2

File /home/robot/bebop_ws/build/robot_setup_tf_tutorial/CMakeFiles/CMakeTmp/CheckSymbolExists.c:
/* */
#include <pthread.h>

int main(int argc, char** argv)
{
  (void)argv;
#ifndef pthread_create
  return ((int*)(&pthread_create))[argc];
#else
  (void)argc;
  return 0;
#endif
}

Determining if the function pthread_create exists in the pthreads failed with the following output:
Change Dir: /home/robot/bebop_ws/build/robot_setup_tf_tutorial/CMakeFiles/CMakeTmp

Run Build Command:/usr/bin/make "cmTryCompileExec4198983375/fast"
/usr/bin/make -f CMakeFiles/cmTryCompileExec4198983375.dir/build.make CMakeFiles/cmTryCompileExec4198983375.dir/build
make[1]: Entering directory `/home/robot/bebop_ws/build/robot_setup_tf_tutorial/CMakeFiles/CMakeTmp'
/usr/bin/cmake -E cmake_progress_report /home/robot/bebop_ws/build/robot_setup_tf_tutorial/CMakeFiles/CMakeTmp/CMakeFiles 1
Building C object CMakeFiles/cmTryCompileExec4198983375.dir/CheckFunctionExists.c.o
/usr/bin/cc   -DCHECK_FUNCTION_EXISTS=pthread_create   -o CMakeFiles/cmTryCompileExec4198983375.dir/CheckFunctionExists.c.o   -c /usr/share/cmake-2.8/Modules/CheckFunctionExists.c
Linking C executable cmTryCompileExec4198983375
/usr/bin/cmake -E cmake_link_script CMakeFiles/cmTryCompileExec4198983375.dir/link.txt --verbose=1
/usr/bin/cc   -DCHECK_FUNCTION_EXISTS=pthread_create    CMakeFiles/cmTryCompileExec4198983375.dir/CheckFunctionExists.c.o  -o cmTryCompileExec4198983375 -rdynamic -lpthreads 
/usr/bin/ld: cannot find -lpthreads
collect2: error: ld returned 1 exit status
make[1]: *** [cmTryCompileExec4198983375] Error 1
make[1]: Leaving directory `/home/robot/bebop_ws/build/robot_setup_tf_tutorial/CMakeFiles/CMakeTmp'
make: *** [cmTryCompileExec4198983375/fast] Error 2


