Determining if the pthread_create exist failed with the following output:
Change Dir: /home/robot/bebop_ws/build/odometry_publisher_tutorial/CMakeFiles/CMakeTmp

Run Build Command:/usr/bin/make "cmTryCompileExec2679291105/fast"
/usr/bin/make -f CMakeFiles/cmTryCompileExec2679291105.dir/build.make CMakeFiles/cmTryCompileExec2679291105.dir/build
make[1]: Entering directory `/home/robot/bebop_ws/build/odometry_publisher_tutorial/CMakeFiles/CMakeTmp'
/usr/bin/cmake -E cmake_progress_report /home/robot/bebop_ws/build/odometry_publisher_tutorial/CMakeFiles/CMakeTmp/CMakeFiles 1
Building C object CMakeFiles/cmTryCompileExec2679291105.dir/CheckSymbolExists.c.o
/usr/bin/cc    -o CMakeFiles/cmTryCompileExec2679291105.dir/CheckSymbolExists.c.o   -c /home/robot/bebop_ws/build/odometry_publisher_tutorial/CMakeFiles/CMakeTmp/CheckSymbolExists.c
Linking C executable cmTryCompileExec2679291105
/usr/bin/cmake -E cmake_link_script CMakeFiles/cmTryCompileExec2679291105.dir/link.txt --verbose=1
/usr/bin/cc       CMakeFiles/cmTryCompileExec2679291105.dir/CheckSymbolExists.c.o  -o cmTryCompileExec2679291105 -rdynamic 
CMakeFiles/cmTryCompileExec2679291105.dir/CheckSymbolExists.c.o: In function `main':
CheckSymbolExists.c:(.text+0x16): undefined reference to `pthread_create'
collect2: error: ld returned 1 exit status
make[1]: *** [cmTryCompileExec2679291105] Error 1
make[1]: Leaving directory `/home/robot/bebop_ws/build/odometry_publisher_tutorial/CMakeFiles/CMakeTmp'
make: *** [cmTryCompileExec2679291105/fast] Error 2

File /home/robot/bebop_ws/build/odometry_publisher_tutorial/CMakeFiles/CMakeTmp/CheckSymbolExists.c:
/* */
#include <pthread.h>

int main(int argc, char** argv)
{
  (void)argv;
#ifndef pthread_create
  return ((int*)(&pthread_create))[argc];
#else
  (void)argc;
  return 0;
#endif
}

Determining if the function pthread_create exists in the pthreads failed with the following output:
Change Dir: /home/robot/bebop_ws/build/odometry_publisher_tutorial/CMakeFiles/CMakeTmp

Run Build Command:/usr/bin/make "cmTryCompileExec2123651617/fast"
/usr/bin/make -f CMakeFiles/cmTryCompileExec2123651617.dir/build.make CMakeFiles/cmTryCompileExec2123651617.dir/build
make[1]: Entering directory `/home/robot/bebop_ws/build/odometry_publisher_tutorial/CMakeFiles/CMakeTmp'
/usr/bin/cmake -E cmake_progress_report /home/robot/bebop_ws/build/odometry_publisher_tutorial/CMakeFiles/CMakeTmp/CMakeFiles 1
Building C object CMakeFiles/cmTryCompileExec2123651617.dir/CheckFunctionExists.c.o
/usr/bin/cc   -DCHECK_FUNCTION_EXISTS=pthread_create   -o CMakeFiles/cmTryCompileExec2123651617.dir/CheckFunctionExists.c.o   -c /usr/share/cmake-2.8/Modules/CheckFunctionExists.c
Linking C executable cmTryCompileExec2123651617
/usr/bin/cmake -E cmake_link_script CMakeFiles/cmTryCompileExec2123651617.dir/link.txt --verbose=1
/usr/bin/cc   -DCHECK_FUNCTION_EXISTS=pthread_create    CMakeFiles/cmTryCompileExec2123651617.dir/CheckFunctionExists.c.o  -o cmTryCompileExec2123651617 -rdynamic -lpthreads 
/usr/bin/ld: cannot find -lpthreads
collect2: error: ld returned 1 exit status
make[1]: *** [cmTryCompileExec2123651617] Error 1
make[1]: Leaving directory `/home/robot/bebop_ws/build/odometry_publisher_tutorial/CMakeFiles/CMakeTmp'
make: *** [cmTryCompileExec2123651617/fast] Error 2


